<?xml version="1.0" encoding="UTF-8"?>
<testng-results ignored="0" total="3" passed="3" failed="0" skipped="0">
  <reporter-output>
  </reporter-output>
  <suite started-at="2022-03-02T01:24:26 EET" name="AzzaTask" finished-at="2022-03-02T01:25:17 EET" duration-ms="51246">
    <groups>
    </groups>
    <test started-at="2022-03-02T01:24:26 EET" name="testcase2" finished-at="2022-03-02T01:25:08 EET" duration-ms="41598">
      <class name="tests.testcase1Test2">
        <test-method is-config="true" signature="testcase1Test2_BeforeMethod()[pri:0, instance:tests.testcase1Test2@17a1e4ca]" started-at="2022-03-02T01:24:27 EET" name="testcase1Test2_BeforeMethod" finished-at="2022-03-02T01:24:34 EET" duration-ms="7249" status="PASS">
          <reporter-output>
          </reporter-output>
        </test-method> <!-- testcase1Test2_BeforeMethod -->
        <test-method signature="case01(java.lang.String,java.lang.String)[pri:0, instance:tests.testcase1Test2@17a1e4ca]" started-at="2022-03-02T01:24:34 EET" name="case01" data-provider="testdata" finished-at="2022-03-02T01:24:43 EET" duration-ms="8339" status="PASS">
          <params>
            <param index="0">
              <value>
                <![CDATA[Selenium Tutorial]]>
              </value>
            </param>
            <param index="1">
              <value>
                <![CDATA[10.0]]>
              </value>
            </param>
          </params>
          <reporter-output>
          </reporter-output>
        </test-method> <!-- case01 -->
        <test-method is-config="true" signature="testcase1Test2_AfterMethod(org.testng.ITestResult)[pri:0, instance:tests.testcase1Test2@17a1e4ca]" started-at="2022-03-02T01:24:43 EET" name="testcase1Test2_AfterMethod" finished-at="2022-03-02T01:25:08 EET" duration-ms="24713" status="PASS">
          <params>
            <param index="0">
              <value>
                <![CDATA[[TestResult name=case01 status=SUCCESS method=testcase1Test2.case01(java.lang.String,java.lang.String)[pri:0, instance:tests.testcase1Test2@17a1e4ca] output={null}]]]>
              </value>
            </param>
          </params>
          <reporter-output>
          </reporter-output>
        </test-method> <!-- testcase1Test2_AfterMethod -->
      </class> <!-- tests.testcase1Test2 -->
    </test> <!-- testcase2 -->
    <test started-at="2022-03-02T01:24:26 EET" name="testcase1" finished-at="2022-03-02T01:25:17 EET" duration-ms="51246">
      <class name="tests.testcase1Test">
        <test-method is-config="true" signature="testcase1Test_BeforeMethod()[pri:0, instance:tests.testcase1Test@79d94571]" started-at="2022-03-02T01:24:27 EET" name="testcase1Test_BeforeMethod" finished-at="2022-03-02T01:24:34 EET" duration-ms="7589" status="PASS">
          <reporter-output>
          </reporter-output>
        </test-method> <!-- testcase1Test_BeforeMethod -->
        <test-method signature="case01(java.lang.String,java.lang.String)[pri:0, instance:tests.testcase1Test@79d94571]" started-at="2022-03-02T01:24:34 EET" name="case01" data-provider="testdata" finished-at="2022-03-02T01:24:45 EET" duration-ms="10582" status="PASS">
          <params>
            <param index="0">
              <value>
                <![CDATA[Selenium Tutorial]]>
              </value>
            </param>
            <param index="1">
              <value>
                <![CDATA[3.0]]>
              </value>
            </param>
          </params>
          <reporter-output>
          </reporter-output>
        </test-method> <!-- case01 -->
        <test-method is-config="true" signature="testcase1Test_AfterMethod(org.testng.ITestResult)[pri:0, instance:tests.testcase1Test@79d94571]" started-at="2022-03-02T01:24:45 EET" name="testcase1Test_AfterMethod" finished-at="2022-03-02T01:24:52 EET" duration-ms="6829" status="PASS">
          <params>
            <param index="0">
              <value>
                <![CDATA[[TestResult name=case01 status=SUCCESS method=testcase1Test.case01(java.lang.String,java.lang.String)[pri:0, instance:tests.testcase1Test@79d94571] output={null}]]]>
              </value>
            </param>
          </params>
          <reporter-output>
          </reporter-output>
        </test-method> <!-- testcase1Test_AfterMethod -->
        <test-method is-config="true" signature="testcase1Test_BeforeMethod()[pri:0, instance:tests.testcase1Test@79d94571]" started-at="2022-03-02T01:24:52 EET" name="testcase1Test_BeforeMethod" finished-at="2022-03-02T01:25:05 EET" duration-ms="12603" status="PASS">
          <reporter-output>
          </reporter-output>
        </test-method> <!-- testcase1Test_BeforeMethod -->
        <test-method signature="case01(java.lang.String,java.lang.String)[pri:0, instance:tests.testcase1Test@79d94571]" started-at="2022-03-02T01:25:05 EET" name="case01" data-provider="testdata" finished-at="2022-03-02T01:25:11 EET" duration-ms="6286" status="PASS">
          <params>
            <param index="0">
              <value>
                <![CDATA[Test Automation Tutorial]]>
              </value>
            </param>
            <param index="1">
              <value>
                <![CDATA[3.0]]>
              </value>
            </param>
          </params>
          <reporter-output>
          </reporter-output>
        </test-method> <!-- case01 -->
        <test-method is-config="true" signature="testcase1Test_AfterMethod(org.testng.ITestResult)[pri:0, instance:tests.testcase1Test@79d94571]" started-at="2022-03-02T01:25:11 EET" name="testcase1Test_AfterMethod" finished-at="2022-03-02T01:25:17 EET" duration-ms="6423" status="PASS">
          <params>
            <param index="0">
              <value>
                <![CDATA[[TestResult name=case01 status=SUCCESS method=testcase1Test.case01(java.lang.String,java.lang.String)[pri:0, instance:tests.testcase1Test@79d94571] output={null}]]]>
              </value>
            </param>
          </params>
          <reporter-output>
          </reporter-output>
        </test-method> <!-- testcase1Test_AfterMethod -->
      </class> <!-- tests.testcase1Test -->
    </test> <!-- testcase1 -->
  </suite> <!-- AzzaTask -->
</testng-results>
