<?xml version="1.0" encoding="UTF-8"?>
<testng-results ignored="0" total="0" passed="0" failed="0" skipped="0">
  <reporter-output>
  </reporter-output>
  <suite started-at="2022-02-28T13:04:50 EET" name="AzzaTask" finished-at="2022-02-28T13:04:51 EET" duration-ms="1259">
    <groups>
    </groups>
    <test started-at="2022-02-28T13:04:50 EET" name="testcase1" finished-at="2022-02-28T13:04:51 EET" duration-ms="1259">
      <class name="tests.testcase1Test">
        <test-method is-config="true" signature="NewTest_BeforeClass()[pri:0, instance:tests.testcase1Test@2654635]" started-at="2022-02-28T13:04:50 EET" name="NewTest_BeforeClass" finished-at="2022-02-28T13:04:51 EET" duration-ms="1086" status="FAIL">
          <exception class="org.openqa.selenium.WebDriverException">
            <message>
              <![CDATA[unknown error: failed to write prefs file
Build info: version: '3.141.59', revision: 'e82be7d358', time: '2018-11-14T08:17:03'
System info: host: 'EIS0200', ip: '192.168.137.1', os.name: 'Windows 10', os.arch: 'amd64', os.version: '10.0', java.version: '17.0.2'
Driver info: driver.version: ChromeDriver
remote stacktrace: Backtrace:
Ordinal0 [0x00F669A3+2582947]
Ordinal0 [0x00EFA6D1+2139857]
Ordinal0 [0x00DF3A98+1063576]
Ordinal0 [0x00E121A8+1188264]
Ordinal0 [0x00E122D5+1188565]
Ordinal0 [0x00E0FB35+1178421]
Ordinal0 [0x00E0C9E1+1165793]
Ordinal0 [0x00E3CFFF+1363967]
Ordinal0 [0x00E3CC2A+1362986]
Ordinal0 [0x00E38366+1344358]
Ordinal0 [0x00E15176+1200502]
Ordinal0 [0x00E16066+1204326]
GetHandleVerifier [0x0110BE02+1675858]
GetHandleVerifier [0x011C036C+2414524]
GetHandleVerifier [0x00FFBB01+560977]
GetHandleVerifier [0x00FFA8D3+556323]
Ordinal0 [0x00F0020E+2163214]
Ordinal0 [0x00F05078+2183288]
Ordinal0 [0x00F051C0+2183616]
Ordinal0 [0x00F0EE1C+2223644]
BaseThreadInitThunk [0x76C36359+25]
RtlGetAppContainerNamedObjectPath [0x778287A4+228]
RtlGetAppContainerNamedObjectPath [0x77828774+180]
]]>
            </message>
            <full-stacktrace>
              <![CDATA[org.openqa.selenium.WebDriverException: unknown error: failed to write prefs file
Build info: version: '3.141.59', revision: 'e82be7d358', time: '2018-11-14T08:17:03'
System info: host: 'EIS0200', ip: '192.168.137.1', os.name: 'Windows 10', os.arch: 'amd64', os.version: '10.0', java.version: '17.0.2'
Driver info: driver.version: ChromeDriver
remote stacktrace: Backtrace:
Ordinal0 [0x00F669A3+2582947]
Ordinal0 [0x00EFA6D1+2139857]
Ordinal0 [0x00DF3A98+1063576]
Ordinal0 [0x00E121A8+1188264]
Ordinal0 [0x00E122D5+1188565]
Ordinal0 [0x00E0FB35+1178421]
Ordinal0 [0x00E0C9E1+1165793]
Ordinal0 [0x00E3CFFF+1363967]
Ordinal0 [0x00E3CC2A+1362986]
Ordinal0 [0x00E38366+1344358]
Ordinal0 [0x00E15176+1200502]
Ordinal0 [0x00E16066+1204326]
GetHandleVerifier [0x0110BE02+1675858]
GetHandleVerifier [0x011C036C+2414524]
GetHandleVerifier [0x00FFBB01+560977]
GetHandleVerifier [0x00FFA8D3+556323]
Ordinal0 [0x00F0020E+2163214]
Ordinal0 [0x00F05078+2183288]
Ordinal0 [0x00F051C0+2183616]
Ordinal0 [0x00F0EE1C+2223644]
BaseThreadInitThunk [0x76C36359+25]
RtlGetAppContainerNamedObjectPath [0x778287A4+228]
RtlGetAppContainerNamedObjectPath [0x77828774+180]

at java.base/jdk.internal.reflect.NativeConstructorAccessorImpl.newInstance0(Native Method)
at java.base/jdk.internal.reflect.NativeConstructorAccessorImpl.newInstance(NativeConstructorAccessorImpl.java:77)
at java.base/jdk.internal.reflect.DelegatingConstructorAccessorImpl.newInstance(DelegatingConstructorAccessorImpl.java:45)
at java.base/java.lang.reflect.Constructor.newInstanceWithCaller(Constructor.java:499)
at java.base/java.lang.reflect.Constructor.newInstance(Constructor.java:480)
at org.openqa.selenium.remote.W3CHandshakeResponse.lambda$errorHandler$0(W3CHandshakeResponse.java:62)
at org.openqa.selenium.remote.HandshakeResponse.lambda$getResponseFunction$0(HandshakeResponse.java:30)
at org.openqa.selenium.remote.ProtocolHandshake.lambda$createSession$0(ProtocolHandshake.java:126)
at java.base/java.util.stream.ReferencePipeline$3$1.accept(ReferencePipeline.java:197)
at java.base/java.util.Spliterators$ArraySpliterator.tryAdvance(Spliterators.java:1002)
at java.base/java.util.stream.ReferencePipeline.forEachWithCancel(ReferencePipeline.java:129)
at java.base/java.util.stream.AbstractPipeline.copyIntoWithCancel(AbstractPipeline.java:527)
at java.base/java.util.stream.AbstractPipeline.copyInto(AbstractPipeline.java:513)
at java.base/java.util.stream.AbstractPipeline.wrapAndCopyInto(AbstractPipeline.java:499)
at java.base/java.util.stream.FindOps$FindOp.evaluateSequential(FindOps.java:150)
at java.base/java.util.stream.AbstractPipeline.evaluate(AbstractPipeline.java:234)
at java.base/java.util.stream.ReferencePipeline.findFirst(ReferencePipeline.java:647)
at org.openqa.selenium.remote.ProtocolHandshake.createSession(ProtocolHandshake.java:128)
at org.openqa.selenium.remote.ProtocolHandshake.createSession(ProtocolHandshake.java:74)
at org.openqa.selenium.remote.HttpCommandExecutor.execute(HttpCommandExecutor.java:136)
at org.openqa.selenium.remote.service.DriverCommandExecutor.execute(DriverCommandExecutor.java:83)
at org.openqa.selenium.remote.RemoteWebDriver.execute(RemoteWebDriver.java:552)
at org.openqa.selenium.remote.RemoteWebDriver.startSession(RemoteWebDriver.java:213)
at org.openqa.selenium.remote.RemoteWebDriver.<init>(RemoteWebDriver.java:131)
at org.openqa.selenium.chrome.ChromeDriver.<init>(ChromeDriver.java:181)
at org.openqa.selenium.chrome.ChromeDriver.<init>(ChromeDriver.java:168)
at org.openqa.selenium.chrome.ChromeDriver.<init>(ChromeDriver.java:157)
at tests.testcase1Test.NewTest_BeforeClass(testcase1Test.java:27)
at java.base/jdk.internal.reflect.NativeMethodAccessorImpl.invoke0(Native Method)
at java.base/jdk.internal.reflect.NativeMethodAccessorImpl.invoke(NativeMethodAccessorImpl.java:77)
at java.base/jdk.internal.reflect.DelegatingMethodAccessorImpl.invoke(DelegatingMethodAccessorImpl.java:43)
at java.base/java.lang.reflect.Method.invoke(Method.java:568)
at org.testng.internal.MethodInvocationHelper.invokeMethod(MethodInvocationHelper.java:133)
at org.testng.internal.MethodInvocationHelper.invokeMethodConsideringTimeout(MethodInvocationHelper.java:62)
at org.testng.internal.ConfigInvoker.invokeConfigurationMethod(ConfigInvoker.java:385)
at org.testng.internal.ConfigInvoker.invokeConfigurations(ConfigInvoker.java:321)
at org.testng.internal.TestInvoker.runConfigMethods(TestInvoker.java:700)
at org.testng.internal.TestInvoker.invokeMethod(TestInvoker.java:527)
at org.testng.internal.TestInvoker.invokeTestMethod(TestInvoker.java:173)
at org.testng.internal.MethodRunner.runInSequence(MethodRunner.java:46)
at org.testng.internal.TestInvoker$MethodInvocationAgent.invoke(TestInvoker.java:824)
at org.testng.internal.TestInvoker.invokeTestMethods(TestInvoker.java:146)
at org.testng.internal.TestMethodWorker.invokeTestMethods(TestMethodWorker.java:146)
at org.testng.internal.TestMethodWorker.run(TestMethodWorker.java:128)
at java.base/java.util.concurrent.ThreadPoolExecutor.runWorker(ThreadPoolExecutor.java:1136)
at java.base/java.util.concurrent.ThreadPoolExecutor$Worker.run(ThreadPoolExecutor.java:635)
at java.base/java.lang.Thread.run(Thread.java:833)
]]>
            </full-stacktrace>
          </exception> <!-- org.openqa.selenium.WebDriverException -->
          <reporter-output>
          </reporter-output>
        </test-method> <!-- NewTest_BeforeClass -->
      </class> <!-- tests.testcase1Test -->
    </test> <!-- testcase1 -->
  </suite> <!-- AzzaTask -->
</testng-results>
